ARM GAS  C:\Users\PHYLLI~1\AppData\Local\Temp\ccqtlu6u.s 			page 1


   1              		.syntax unified
   2              		.cpu cortex-m0
   3              		.fpu softvfp
   4              		.eabi_attribute 20, 1
   5              		.eabi_attribute 21, 1
   6              		.eabi_attribute 23, 3
   7              		.eabi_attribute 24, 1
   8              		.eabi_attribute 25, 1
   9              		.eabi_attribute 26, 1
  10              		.eabi_attribute 30, 6
  11              		.eabi_attribute 34, 0
  12              		.eabi_attribute 18, 4
  13              		.thumb
  14              		.syntax unified
  15              		.file	"I2S_1_PM.c"
  16              		.text
  17              	.Ltext0:
  18              		.cfi_sections	.debug_frame
  19              		.bss
  20              		.align	2
  21              	I2S_1_backup:
  22 0000 00       		.space	1
  23              		.section	.text.I2S_1_SaveConfig,"ax",%progbits
  24              		.align	2
  25              		.global	I2S_1_SaveConfig
  26              		.code	16
  27              		.thumb_func
  28              		.type	I2S_1_SaveConfig, %function
  29              	I2S_1_SaveConfig:
  30              	.LFB0:
  31              		.file 1 "Generated_Source\\PSoC4\\I2S_1_PM.c"
   1:Generated_Source\PSoC4/I2S_1_PM.c **** /*******************************************************************************
   2:Generated_Source\PSoC4/I2S_1_PM.c **** * File Name: I2S_1_PM.c
   3:Generated_Source\PSoC4/I2S_1_PM.c **** * Version 2.70
   4:Generated_Source\PSoC4/I2S_1_PM.c **** *
   5:Generated_Source\PSoC4/I2S_1_PM.c **** * Description:
   6:Generated_Source\PSoC4/I2S_1_PM.c **** *  This file contains the setup, control and status commands to support
   7:Generated_Source\PSoC4/I2S_1_PM.c **** *  component operations in low power mode.
   8:Generated_Source\PSoC4/I2S_1_PM.c **** *
   9:Generated_Source\PSoC4/I2S_1_PM.c **** * Note:
  10:Generated_Source\PSoC4/I2S_1_PM.c **** *
  11:Generated_Source\PSoC4/I2S_1_PM.c **** ********************************************************************************
  12:Generated_Source\PSoC4/I2S_1_PM.c **** * Copyright 2008-2015, Cypress Semiconductor Corporation.  All rights reserved.
  13:Generated_Source\PSoC4/I2S_1_PM.c **** * You may use this file only in accordance with the license, terms, conditions,
  14:Generated_Source\PSoC4/I2S_1_PM.c **** * disclaimers, and limitations in the end user license agreement accompanying
  15:Generated_Source\PSoC4/I2S_1_PM.c **** * the software package with which this file was provided.
  16:Generated_Source\PSoC4/I2S_1_PM.c **** *******************************************************************************/
  17:Generated_Source\PSoC4/I2S_1_PM.c **** 
  18:Generated_Source\PSoC4/I2S_1_PM.c **** #include "I2S_1.h"
  19:Generated_Source\PSoC4/I2S_1_PM.c **** 
  20:Generated_Source\PSoC4/I2S_1_PM.c **** static I2S_1_BACKUP_STRUCT  I2S_1_backup = {0u};
  21:Generated_Source\PSoC4/I2S_1_PM.c **** 
  22:Generated_Source\PSoC4/I2S_1_PM.c **** 
  23:Generated_Source\PSoC4/I2S_1_PM.c **** /*******************************************************************************
  24:Generated_Source\PSoC4/I2S_1_PM.c **** * Function Name: I2S_1_SaveConfig
  25:Generated_Source\PSoC4/I2S_1_PM.c **** ********************************************************************************
  26:Generated_Source\PSoC4/I2S_1_PM.c **** *
ARM GAS  C:\Users\PHYLLI~1\AppData\Local\Temp\ccqtlu6u.s 			page 2


  27:Generated_Source\PSoC4/I2S_1_PM.c **** * Summary:
  28:Generated_Source\PSoC4/I2S_1_PM.c **** *  Empty function. Left to preserve backward compatibility.
  29:Generated_Source\PSoC4/I2S_1_PM.c **** *
  30:Generated_Source\PSoC4/I2S_1_PM.c **** * Parameters:
  31:Generated_Source\PSoC4/I2S_1_PM.c **** *  None.
  32:Generated_Source\PSoC4/I2S_1_PM.c **** *
  33:Generated_Source\PSoC4/I2S_1_PM.c **** * Return:
  34:Generated_Source\PSoC4/I2S_1_PM.c **** *  None.
  35:Generated_Source\PSoC4/I2S_1_PM.c **** *
  36:Generated_Source\PSoC4/I2S_1_PM.c **** *******************************************************************************/
  37:Generated_Source\PSoC4/I2S_1_PM.c **** void I2S_1_SaveConfig(void) 
  38:Generated_Source\PSoC4/I2S_1_PM.c **** {
  32              		.loc 1 38 0
  33              		.cfi_startproc
  34              		@ args = 0, pretend = 0, frame = 0
  35              		@ frame_needed = 1, uses_anonymous_args = 0
  36 0000 80B5     		push	{r7, lr}
  37              		.cfi_def_cfa_offset 8
  38              		.cfi_offset 7, -8
  39              		.cfi_offset 14, -4
  40 0002 00AF     		add	r7, sp, #0
  41              		.cfi_def_cfa_register 7
  39:Generated_Source\PSoC4/I2S_1_PM.c ****     /* Nothing to save. All registers are retention. */
  40:Generated_Source\PSoC4/I2S_1_PM.c **** }
  42              		.loc 1 40 0
  43 0004 C046     		nop
  44 0006 BD46     		mov	sp, r7
  45              		@ sp needed
  46 0008 80BD     		pop	{r7, pc}
  47              		.cfi_endproc
  48              	.LFE0:
  49              		.size	I2S_1_SaveConfig, .-I2S_1_SaveConfig
  50 000a C046     		.section	.text.I2S_1_RestoreConfig,"ax",%progbits
  51              		.align	2
  52              		.global	I2S_1_RestoreConfig
  53              		.code	16
  54              		.thumb_func
  55              		.type	I2S_1_RestoreConfig, %function
  56              	I2S_1_RestoreConfig:
  57              	.LFB1:
  41:Generated_Source\PSoC4/I2S_1_PM.c **** 
  42:Generated_Source\PSoC4/I2S_1_PM.c **** 
  43:Generated_Source\PSoC4/I2S_1_PM.c **** /*******************************************************************************
  44:Generated_Source\PSoC4/I2S_1_PM.c **** * Function Name: I2S_1_RestoreConfig
  45:Generated_Source\PSoC4/I2S_1_PM.c **** ********************************************************************************
  46:Generated_Source\PSoC4/I2S_1_PM.c **** *
  47:Generated_Source\PSoC4/I2S_1_PM.c **** * Summary:
  48:Generated_Source\PSoC4/I2S_1_PM.c **** *  Empty function. Left to preserve backward compatibility.
  49:Generated_Source\PSoC4/I2S_1_PM.c **** *
  50:Generated_Source\PSoC4/I2S_1_PM.c **** * Parameters:
  51:Generated_Source\PSoC4/I2S_1_PM.c **** *  None.
  52:Generated_Source\PSoC4/I2S_1_PM.c **** *
  53:Generated_Source\PSoC4/I2S_1_PM.c **** * Return:
  54:Generated_Source\PSoC4/I2S_1_PM.c **** *  None.
  55:Generated_Source\PSoC4/I2S_1_PM.c **** *
  56:Generated_Source\PSoC4/I2S_1_PM.c **** *******************************************************************************/
  57:Generated_Source\PSoC4/I2S_1_PM.c **** void I2S_1_RestoreConfig(void) 
ARM GAS  C:\Users\PHYLLI~1\AppData\Local\Temp\ccqtlu6u.s 			page 3


  58:Generated_Source\PSoC4/I2S_1_PM.c **** {
  58              		.loc 1 58 0
  59              		.cfi_startproc
  60              		@ args = 0, pretend = 0, frame = 0
  61              		@ frame_needed = 1, uses_anonymous_args = 0
  62 0000 80B5     		push	{r7, lr}
  63              		.cfi_def_cfa_offset 8
  64              		.cfi_offset 7, -8
  65              		.cfi_offset 14, -4
  66 0002 00AF     		add	r7, sp, #0
  67              		.cfi_def_cfa_register 7
  59:Generated_Source\PSoC4/I2S_1_PM.c ****     /* Nothing to restore. All registers are retention. */
  60:Generated_Source\PSoC4/I2S_1_PM.c **** }
  68              		.loc 1 60 0
  69 0004 C046     		nop
  70 0006 BD46     		mov	sp, r7
  71              		@ sp needed
  72 0008 80BD     		pop	{r7, pc}
  73              		.cfi_endproc
  74              	.LFE1:
  75              		.size	I2S_1_RestoreConfig, .-I2S_1_RestoreConfig
  76              		.section	.text.I2S_1_Sleep,"ax",%progbits
  77              		.align	2
  78              		.global	I2S_1_Sleep
  79              		.code	16
  80              		.thumb_func
  81              		.type	I2S_1_Sleep, %function
  82              	I2S_1_Sleep:
  83              	.LFB2:
  61:Generated_Source\PSoC4/I2S_1_PM.c **** 
  62:Generated_Source\PSoC4/I2S_1_PM.c **** 
  63:Generated_Source\PSoC4/I2S_1_PM.c **** /*******************************************************************************
  64:Generated_Source\PSoC4/I2S_1_PM.c **** * Function Name: I2S_1_Sleep
  65:Generated_Source\PSoC4/I2S_1_PM.c **** ********************************************************************************
  66:Generated_Source\PSoC4/I2S_1_PM.c **** *
  67:Generated_Source\PSoC4/I2S_1_PM.c **** * Summary:
  68:Generated_Source\PSoC4/I2S_1_PM.c **** *  Prepares I2S for entering sleep mode.
  69:Generated_Source\PSoC4/I2S_1_PM.c **** *
  70:Generated_Source\PSoC4/I2S_1_PM.c **** * Parameters:
  71:Generated_Source\PSoC4/I2S_1_PM.c **** *  None.
  72:Generated_Source\PSoC4/I2S_1_PM.c **** *
  73:Generated_Source\PSoC4/I2S_1_PM.c **** * Return:
  74:Generated_Source\PSoC4/I2S_1_PM.c **** *  None.
  75:Generated_Source\PSoC4/I2S_1_PM.c **** *
  76:Generated_Source\PSoC4/I2S_1_PM.c **** * Global Variables:
  77:Generated_Source\PSoC4/I2S_1_PM.c **** *  I2S_1_backup - used to store component state prior entering 
  78:Generated_Source\PSoC4/I2S_1_PM.c **** *    sleep mode.
  79:Generated_Source\PSoC4/I2S_1_PM.c **** *
  80:Generated_Source\PSoC4/I2S_1_PM.c **** * Reentrant:
  81:Generated_Source\PSoC4/I2S_1_PM.c **** *  No.
  82:Generated_Source\PSoC4/I2S_1_PM.c **** *
  83:Generated_Source\PSoC4/I2S_1_PM.c **** *******************************************************************************/
  84:Generated_Source\PSoC4/I2S_1_PM.c **** void I2S_1_Sleep(void) 
  85:Generated_Source\PSoC4/I2S_1_PM.c **** {
  84              		.loc 1 85 0
  85              		.cfi_startproc
  86              		@ args = 0, pretend = 0, frame = 0
ARM GAS  C:\Users\PHYLLI~1\AppData\Local\Temp\ccqtlu6u.s 			page 4


  87              		@ frame_needed = 1, uses_anonymous_args = 0
  88 0000 80B5     		push	{r7, lr}
  89              		.cfi_def_cfa_offset 8
  90              		.cfi_offset 7, -8
  91              		.cfi_offset 14, -4
  92 0002 00AF     		add	r7, sp, #0
  93              		.cfi_def_cfa_register 7
  86:Generated_Source\PSoC4/I2S_1_PM.c ****     /* Get component state */
  87:Generated_Source\PSoC4/I2S_1_PM.c ****     I2S_1_backup.enableState = I2S_1_CONTROL_REG;
  94              		.loc 1 87 0
  95 0004 044B     		ldr	r3, .L4
  96 0006 1B78     		ldrb	r3, [r3]
  97 0008 DAB2     		uxtb	r2, r3
  98 000a 044B     		ldr	r3, .L4+4
  99 000c 1A70     		strb	r2, [r3]
  88:Generated_Source\PSoC4/I2S_1_PM.c **** 
  89:Generated_Source\PSoC4/I2S_1_PM.c ****     /* Stop component */
  90:Generated_Source\PSoC4/I2S_1_PM.c ****     I2S_1_Stop();
 100              		.loc 1 90 0
 101 000e FFF7FEFF 		bl	I2S_1_Stop
  91:Generated_Source\PSoC4/I2S_1_PM.c **** }
 102              		.loc 1 91 0
 103 0012 C046     		nop
 104 0014 BD46     		mov	sp, r7
 105              		@ sp needed
 106 0016 80BD     		pop	{r7, pc}
 107              	.L5:
 108              		.align	2
 109              	.L4:
 110 0018 71000F40 		.word	1074724977
 111 001c 00000000 		.word	I2S_1_backup
 112              		.cfi_endproc
 113              	.LFE2:
 114              		.size	I2S_1_Sleep, .-I2S_1_Sleep
 115              		.section	.text.I2S_1_Wakeup,"ax",%progbits
 116              		.align	2
 117              		.global	I2S_1_Wakeup
 118              		.code	16
 119              		.thumb_func
 120              		.type	I2S_1_Wakeup, %function
 121              	I2S_1_Wakeup:
 122              	.LFB3:
  92:Generated_Source\PSoC4/I2S_1_PM.c **** 
  93:Generated_Source\PSoC4/I2S_1_PM.c **** 
  94:Generated_Source\PSoC4/I2S_1_PM.c **** /*******************************************************************************
  95:Generated_Source\PSoC4/I2S_1_PM.c **** * Function Name: I2S_1_Wakeup
  96:Generated_Source\PSoC4/I2S_1_PM.c **** ********************************************************************************
  97:Generated_Source\PSoC4/I2S_1_PM.c **** *
  98:Generated_Source\PSoC4/I2S_1_PM.c **** * Summary:
  99:Generated_Source\PSoC4/I2S_1_PM.c **** *  Prepares I2S for exit from sleep mode.
 100:Generated_Source\PSoC4/I2S_1_PM.c **** *
 101:Generated_Source\PSoC4/I2S_1_PM.c **** * Parameters:
 102:Generated_Source\PSoC4/I2S_1_PM.c **** *  None.
 103:Generated_Source\PSoC4/I2S_1_PM.c **** *
 104:Generated_Source\PSoC4/I2S_1_PM.c **** * Return:
 105:Generated_Source\PSoC4/I2S_1_PM.c **** *  None.
 106:Generated_Source\PSoC4/I2S_1_PM.c **** *
ARM GAS  C:\Users\PHYLLI~1\AppData\Local\Temp\ccqtlu6u.s 			page 5


 107:Generated_Source\PSoC4/I2S_1_PM.c **** * Global Variables:
 108:Generated_Source\PSoC4/I2S_1_PM.c **** *  I2S_1_backup - used to restore component state after exit from
 109:Generated_Source\PSoC4/I2S_1_PM.c **** *    sleep mode.
 110:Generated_Source\PSoC4/I2S_1_PM.c **** *
 111:Generated_Source\PSoC4/I2S_1_PM.c **** *******************************************************************************/
 112:Generated_Source\PSoC4/I2S_1_PM.c **** void I2S_1_Wakeup(void) 
 113:Generated_Source\PSoC4/I2S_1_PM.c **** {
 123              		.loc 1 113 0
 124              		.cfi_startproc
 125              		@ args = 0, pretend = 0, frame = 0
 126              		@ frame_needed = 1, uses_anonymous_args = 0
 127 0000 80B5     		push	{r7, lr}
 128              		.cfi_def_cfa_offset 8
 129              		.cfi_offset 7, -8
 130              		.cfi_offset 14, -4
 131 0002 00AF     		add	r7, sp, #0
 132              		.cfi_def_cfa_register 7
 114:Generated_Source\PSoC4/I2S_1_PM.c ****     #if (I2S_1_DYNAMIC_BIT_RESOLUTION)
 115:Generated_Source\PSoC4/I2S_1_PM.c ****         I2S_1_CONTROL_REG = I2S_1_backup.enableState & I2S_1_BIT_RESOLUTION_MODE_MASK;
 116:Generated_Source\PSoC4/I2S_1_PM.c ****     #endif /* I2S_1_DYNAMIC_BIT_RESOLUTION */
 117:Generated_Source\PSoC4/I2S_1_PM.c **** 
 118:Generated_Source\PSoC4/I2S_1_PM.c ****     if(0u != (I2S_1_backup.enableState & I2S_1_EN))
 133              		.loc 1 118 0
 134 0004 094B     		ldr	r3, .L9
 135 0006 1B78     		ldrb	r3, [r3]
 136 0008 1A00     		movs	r2, r3
 137 000a 0423     		movs	r3, #4
 138 000c 1340     		ands	r3, r2
 139 000e 09D0     		beq	.L8
 119:Generated_Source\PSoC4/I2S_1_PM.c ****     {
 120:Generated_Source\PSoC4/I2S_1_PM.c ****         /* Enable component's operation */
 121:Generated_Source\PSoC4/I2S_1_PM.c ****         I2S_1_Enable();
 140              		.loc 1 121 0
 141 0010 FFF7FEFF 		bl	I2S_1_Enable
 122:Generated_Source\PSoC4/I2S_1_PM.c **** 
 123:Generated_Source\PSoC4/I2S_1_PM.c ****         /* Enable Tx/Rx direction if they were enabled before sleep */
 124:Generated_Source\PSoC4/I2S_1_PM.c ****         #if(I2S_1_TX_DIRECTION_ENABLE)
 125:Generated_Source\PSoC4/I2S_1_PM.c ****             if(0u != (I2S_1_backup.enableState & I2S_1_TX_EN))
 126:Generated_Source\PSoC4/I2S_1_PM.c ****             {
 127:Generated_Source\PSoC4/I2S_1_PM.c ****                 I2S_1_EnableTx();
 128:Generated_Source\PSoC4/I2S_1_PM.c ****             }
 129:Generated_Source\PSoC4/I2S_1_PM.c ****         #endif /* (I2S_1_TX_DIRECTION_ENABLE) */
 130:Generated_Source\PSoC4/I2S_1_PM.c ****         
 131:Generated_Source\PSoC4/I2S_1_PM.c ****         #if(I2S_1_RX_DIRECTION_ENABLE)
 132:Generated_Source\PSoC4/I2S_1_PM.c ****             if(0u != (I2S_1_backup.enableState & I2S_1_RX_EN))
 142              		.loc 1 132 0
 143 0014 054B     		ldr	r3, .L9
 144 0016 1B78     		ldrb	r3, [r3]
 145 0018 1A00     		movs	r2, r3
 146 001a 0223     		movs	r3, #2
 147 001c 1340     		ands	r3, r2
 148 001e 01D0     		beq	.L8
 133:Generated_Source\PSoC4/I2S_1_PM.c ****             {
 134:Generated_Source\PSoC4/I2S_1_PM.c ****                 I2S_1_EnableRx();
 149              		.loc 1 134 0
 150 0020 FFF7FEFF 		bl	I2S_1_EnableRx
 151              	.L8:
ARM GAS  C:\Users\PHYLLI~1\AppData\Local\Temp\ccqtlu6u.s 			page 6


 135:Generated_Source\PSoC4/I2S_1_PM.c ****             }
 136:Generated_Source\PSoC4/I2S_1_PM.c ****         #endif /* (I2S_1_RX_DIRECTION_ENABLE) */
 137:Generated_Source\PSoC4/I2S_1_PM.c ****     }
 138:Generated_Source\PSoC4/I2S_1_PM.c **** }
 152              		.loc 1 138 0
 153 0024 C046     		nop
 154 0026 BD46     		mov	sp, r7
 155              		@ sp needed
 156 0028 80BD     		pop	{r7, pc}
 157              	.L10:
 158 002a C046     		.align	2
 159              	.L9:
 160 002c 00000000 		.word	I2S_1_backup
 161              		.cfi_endproc
 162              	.LFE3:
 163              		.size	I2S_1_Wakeup, .-I2S_1_Wakeup
 164              		.text
 165              	.Letext0:
 166              		.file 2 "Generated_Source\\PSoC4\\cytypes.h"
 167              		.file 3 "Generated_Source\\PSoC4\\I2S_1.h"
 168              		.section	.debug_info,"",%progbits
 169              	.Ldebug_info0:
 170 0000 0F010000 		.4byte	0x10f
 171 0004 0400     		.2byte	0x4
 172 0006 00000000 		.4byte	.Ldebug_abbrev0
 173 000a 04       		.byte	0x4
 174 000b 01       		.uleb128 0x1
 175 000c 6D000000 		.4byte	.LASF19
 176 0010 0C       		.byte	0xc
 177 0011 0D000000 		.4byte	.LASF20
 178 0015 4B010000 		.4byte	.LASF21
 179 0019 00000000 		.4byte	.Ldebug_ranges0+0
 180 001d 00000000 		.4byte	0
 181 0021 00000000 		.4byte	.Ldebug_line0
 182 0025 02       		.uleb128 0x2
 183 0026 01       		.byte	0x1
 184 0027 06       		.byte	0x6
 185 0028 EB010000 		.4byte	.LASF0
 186 002c 02       		.uleb128 0x2
 187 002d 01       		.byte	0x1
 188 002e 08       		.byte	0x8
 189 002f 35000000 		.4byte	.LASF1
 190 0033 02       		.uleb128 0x2
 191 0034 02       		.byte	0x2
 192 0035 05       		.byte	0x5
 193 0036 C6010000 		.4byte	.LASF2
 194 003a 02       		.uleb128 0x2
 195 003b 02       		.byte	0x2
 196 003c 07       		.byte	0x7
 197 003d 5A000000 		.4byte	.LASF3
 198 0041 02       		.uleb128 0x2
 199 0042 04       		.byte	0x4
 200 0043 05       		.byte	0x5
 201 0044 D6010000 		.4byte	.LASF4
 202 0048 02       		.uleb128 0x2
 203 0049 04       		.byte	0x4
 204 004a 07       		.byte	0x7
ARM GAS  C:\Users\PHYLLI~1\AppData\Local\Temp\ccqtlu6u.s 			page 7


 205 004b 48000000 		.4byte	.LASF5
 206 004f 02       		.uleb128 0x2
 207 0050 08       		.byte	0x8
 208 0051 05       		.byte	0x5
 209 0052 93010000 		.4byte	.LASF6
 210 0056 02       		.uleb128 0x2
 211 0057 08       		.byte	0x8
 212 0058 07       		.byte	0x7
 213 0059 0F010000 		.4byte	.LASF7
 214 005d 03       		.uleb128 0x3
 215 005e 04       		.byte	0x4
 216 005f 05       		.byte	0x5
 217 0060 696E7400 		.ascii	"int\000"
 218 0064 02       		.uleb128 0x2
 219 0065 04       		.byte	0x4
 220 0066 07       		.byte	0x7
 221 0067 02010000 		.4byte	.LASF8
 222 006b 04       		.uleb128 0x4
 223 006c D0010000 		.4byte	.LASF12
 224 0070 02       		.byte	0x2
 225 0071 E401     		.2byte	0x1e4
 226 0073 2C000000 		.4byte	0x2c
 227 0077 02       		.uleb128 0x2
 228 0078 04       		.byte	0x4
 229 0079 04       		.byte	0x4
 230 007a 2F000000 		.4byte	.LASF9
 231 007e 02       		.uleb128 0x2
 232 007f 08       		.byte	0x8
 233 0080 04       		.byte	0x4
 234 0081 FB000000 		.4byte	.LASF10
 235 0085 02       		.uleb128 0x2
 236 0086 01       		.byte	0x1
 237 0087 08       		.byte	0x8
 238 0088 A1010000 		.4byte	.LASF11
 239 008c 04       		.uleb128 0x4
 240 008d 43000000 		.4byte	.LASF13
 241 0091 02       		.byte	0x2
 242 0092 8E02     		.2byte	0x28e
 243 0094 98000000 		.4byte	0x98
 244 0098 05       		.uleb128 0x5
 245 0099 6B000000 		.4byte	0x6b
 246 009d 06       		.uleb128 0x6
 247 009e 01       		.byte	0x1
 248 009f 03       		.byte	0x3
 249 00a0 1D       		.byte	0x1d
 250 00a1 B2000000 		.4byte	0xb2
 251 00a5 07       		.uleb128 0x7
 252 00a6 DF010000 		.4byte	.LASF22
 253 00aa 03       		.byte	0x3
 254 00ab 1F       		.byte	0x1f
 255 00ac 6B000000 		.4byte	0x6b
 256 00b0 00       		.byte	0
 257 00b1 00       		.byte	0
 258 00b2 08       		.uleb128 0x8
 259 00b3 26010000 		.4byte	.LASF14
 260 00b7 03       		.byte	0x3
 261 00b8 21       		.byte	0x21
ARM GAS  C:\Users\PHYLLI~1\AppData\Local\Temp\ccqtlu6u.s 			page 8


 262 00b9 9D000000 		.4byte	0x9d
 263 00bd 09       		.uleb128 0x9
 264 00be 3A010000 		.4byte	.LASF15
 265 00c2 01       		.byte	0x1
 266 00c3 25       		.byte	0x25
 267 00c4 00000000 		.4byte	.LFB0
 268 00c8 0A000000 		.4byte	.LFE0-.LFB0
 269 00cc 01       		.uleb128 0x1
 270 00cd 9C       		.byte	0x9c
 271 00ce 09       		.uleb128 0x9
 272 00cf B2010000 		.4byte	.LASF16
 273 00d3 01       		.byte	0x1
 274 00d4 39       		.byte	0x39
 275 00d5 00000000 		.4byte	.LFB1
 276 00d9 0A000000 		.4byte	.LFE1-.LFB1
 277 00dd 01       		.uleb128 0x1
 278 00de 9C       		.byte	0x9c
 279 00df 0A       		.uleb128 0xa
 280 00e0 A6010000 		.4byte	.LASF17
 281 00e4 01       		.byte	0x1
 282 00e5 54       		.byte	0x54
 283 00e6 00000000 		.4byte	.LFB2
 284 00ea 20000000 		.4byte	.LFE2-.LFB2
 285 00ee 01       		.uleb128 0x1
 286 00ef 9C       		.byte	0x9c
 287 00f0 0A       		.uleb128 0xa
 288 00f1 F7010000 		.4byte	.LASF18
 289 00f5 01       		.byte	0x1
 290 00f6 70       		.byte	0x70
 291 00f7 00000000 		.4byte	.LFB3
 292 00fb 30000000 		.4byte	.LFE3-.LFB3
 293 00ff 01       		.uleb128 0x1
 294 0100 9C       		.byte	0x9c
 295 0101 0B       		.uleb128 0xb
 296 0102 00000000 		.4byte	.LASF23
 297 0106 01       		.byte	0x1
 298 0107 14       		.byte	0x14
 299 0108 B2000000 		.4byte	0xb2
 300 010c 05       		.uleb128 0x5
 301 010d 03       		.byte	0x3
 302 010e 00000000 		.4byte	I2S_1_backup
 303 0112 00       		.byte	0
 304              		.section	.debug_abbrev,"",%progbits
 305              	.Ldebug_abbrev0:
 306 0000 01       		.uleb128 0x1
 307 0001 11       		.uleb128 0x11
 308 0002 01       		.byte	0x1
 309 0003 25       		.uleb128 0x25
 310 0004 0E       		.uleb128 0xe
 311 0005 13       		.uleb128 0x13
 312 0006 0B       		.uleb128 0xb
 313 0007 03       		.uleb128 0x3
 314 0008 0E       		.uleb128 0xe
 315 0009 1B       		.uleb128 0x1b
 316 000a 0E       		.uleb128 0xe
 317 000b 55       		.uleb128 0x55
 318 000c 17       		.uleb128 0x17
ARM GAS  C:\Users\PHYLLI~1\AppData\Local\Temp\ccqtlu6u.s 			page 9


 319 000d 11       		.uleb128 0x11
 320 000e 01       		.uleb128 0x1
 321 000f 10       		.uleb128 0x10
 322 0010 17       		.uleb128 0x17
 323 0011 00       		.byte	0
 324 0012 00       		.byte	0
 325 0013 02       		.uleb128 0x2
 326 0014 24       		.uleb128 0x24
 327 0015 00       		.byte	0
 328 0016 0B       		.uleb128 0xb
 329 0017 0B       		.uleb128 0xb
 330 0018 3E       		.uleb128 0x3e
 331 0019 0B       		.uleb128 0xb
 332 001a 03       		.uleb128 0x3
 333 001b 0E       		.uleb128 0xe
 334 001c 00       		.byte	0
 335 001d 00       		.byte	0
 336 001e 03       		.uleb128 0x3
 337 001f 24       		.uleb128 0x24
 338 0020 00       		.byte	0
 339 0021 0B       		.uleb128 0xb
 340 0022 0B       		.uleb128 0xb
 341 0023 3E       		.uleb128 0x3e
 342 0024 0B       		.uleb128 0xb
 343 0025 03       		.uleb128 0x3
 344 0026 08       		.uleb128 0x8
 345 0027 00       		.byte	0
 346 0028 00       		.byte	0
 347 0029 04       		.uleb128 0x4
 348 002a 16       		.uleb128 0x16
 349 002b 00       		.byte	0
 350 002c 03       		.uleb128 0x3
 351 002d 0E       		.uleb128 0xe
 352 002e 3A       		.uleb128 0x3a
 353 002f 0B       		.uleb128 0xb
 354 0030 3B       		.uleb128 0x3b
 355 0031 05       		.uleb128 0x5
 356 0032 49       		.uleb128 0x49
 357 0033 13       		.uleb128 0x13
 358 0034 00       		.byte	0
 359 0035 00       		.byte	0
 360 0036 05       		.uleb128 0x5
 361 0037 35       		.uleb128 0x35
 362 0038 00       		.byte	0
 363 0039 49       		.uleb128 0x49
 364 003a 13       		.uleb128 0x13
 365 003b 00       		.byte	0
 366 003c 00       		.byte	0
 367 003d 06       		.uleb128 0x6
 368 003e 13       		.uleb128 0x13
 369 003f 01       		.byte	0x1
 370 0040 0B       		.uleb128 0xb
 371 0041 0B       		.uleb128 0xb
 372 0042 3A       		.uleb128 0x3a
 373 0043 0B       		.uleb128 0xb
 374 0044 3B       		.uleb128 0x3b
 375 0045 0B       		.uleb128 0xb
ARM GAS  C:\Users\PHYLLI~1\AppData\Local\Temp\ccqtlu6u.s 			page 10


 376 0046 01       		.uleb128 0x1
 377 0047 13       		.uleb128 0x13
 378 0048 00       		.byte	0
 379 0049 00       		.byte	0
 380 004a 07       		.uleb128 0x7
 381 004b 0D       		.uleb128 0xd
 382 004c 00       		.byte	0
 383 004d 03       		.uleb128 0x3
 384 004e 0E       		.uleb128 0xe
 385 004f 3A       		.uleb128 0x3a
 386 0050 0B       		.uleb128 0xb
 387 0051 3B       		.uleb128 0x3b
 388 0052 0B       		.uleb128 0xb
 389 0053 49       		.uleb128 0x49
 390 0054 13       		.uleb128 0x13
 391 0055 38       		.uleb128 0x38
 392 0056 0B       		.uleb128 0xb
 393 0057 00       		.byte	0
 394 0058 00       		.byte	0
 395 0059 08       		.uleb128 0x8
 396 005a 16       		.uleb128 0x16
 397 005b 00       		.byte	0
 398 005c 03       		.uleb128 0x3
 399 005d 0E       		.uleb128 0xe
 400 005e 3A       		.uleb128 0x3a
 401 005f 0B       		.uleb128 0xb
 402 0060 3B       		.uleb128 0x3b
 403 0061 0B       		.uleb128 0xb
 404 0062 49       		.uleb128 0x49
 405 0063 13       		.uleb128 0x13
 406 0064 00       		.byte	0
 407 0065 00       		.byte	0
 408 0066 09       		.uleb128 0x9
 409 0067 2E       		.uleb128 0x2e
 410 0068 00       		.byte	0
 411 0069 3F       		.uleb128 0x3f
 412 006a 19       		.uleb128 0x19
 413 006b 03       		.uleb128 0x3
 414 006c 0E       		.uleb128 0xe
 415 006d 3A       		.uleb128 0x3a
 416 006e 0B       		.uleb128 0xb
 417 006f 3B       		.uleb128 0x3b
 418 0070 0B       		.uleb128 0xb
 419 0071 27       		.uleb128 0x27
 420 0072 19       		.uleb128 0x19
 421 0073 11       		.uleb128 0x11
 422 0074 01       		.uleb128 0x1
 423 0075 12       		.uleb128 0x12
 424 0076 06       		.uleb128 0x6
 425 0077 40       		.uleb128 0x40
 426 0078 18       		.uleb128 0x18
 427 0079 9742     		.uleb128 0x2117
 428 007b 19       		.uleb128 0x19
 429 007c 00       		.byte	0
 430 007d 00       		.byte	0
 431 007e 0A       		.uleb128 0xa
 432 007f 2E       		.uleb128 0x2e
ARM GAS  C:\Users\PHYLLI~1\AppData\Local\Temp\ccqtlu6u.s 			page 11


 433 0080 00       		.byte	0
 434 0081 3F       		.uleb128 0x3f
 435 0082 19       		.uleb128 0x19
 436 0083 03       		.uleb128 0x3
 437 0084 0E       		.uleb128 0xe
 438 0085 3A       		.uleb128 0x3a
 439 0086 0B       		.uleb128 0xb
 440 0087 3B       		.uleb128 0x3b
 441 0088 0B       		.uleb128 0xb
 442 0089 27       		.uleb128 0x27
 443 008a 19       		.uleb128 0x19
 444 008b 11       		.uleb128 0x11
 445 008c 01       		.uleb128 0x1
 446 008d 12       		.uleb128 0x12
 447 008e 06       		.uleb128 0x6
 448 008f 40       		.uleb128 0x40
 449 0090 18       		.uleb128 0x18
 450 0091 9642     		.uleb128 0x2116
 451 0093 19       		.uleb128 0x19
 452 0094 00       		.byte	0
 453 0095 00       		.byte	0
 454 0096 0B       		.uleb128 0xb
 455 0097 34       		.uleb128 0x34
 456 0098 00       		.byte	0
 457 0099 03       		.uleb128 0x3
 458 009a 0E       		.uleb128 0xe
 459 009b 3A       		.uleb128 0x3a
 460 009c 0B       		.uleb128 0xb
 461 009d 3B       		.uleb128 0x3b
 462 009e 0B       		.uleb128 0xb
 463 009f 49       		.uleb128 0x49
 464 00a0 13       		.uleb128 0x13
 465 00a1 02       		.uleb128 0x2
 466 00a2 18       		.uleb128 0x18
 467 00a3 00       		.byte	0
 468 00a4 00       		.byte	0
 469 00a5 00       		.byte	0
 470              		.section	.debug_aranges,"",%progbits
 471 0000 34000000 		.4byte	0x34
 472 0004 0200     		.2byte	0x2
 473 0006 00000000 		.4byte	.Ldebug_info0
 474 000a 04       		.byte	0x4
 475 000b 00       		.byte	0
 476 000c 0000     		.2byte	0
 477 000e 0000     		.2byte	0
 478 0010 00000000 		.4byte	.LFB0
 479 0014 0A000000 		.4byte	.LFE0-.LFB0
 480 0018 00000000 		.4byte	.LFB1
 481 001c 0A000000 		.4byte	.LFE1-.LFB1
 482 0020 00000000 		.4byte	.LFB2
 483 0024 20000000 		.4byte	.LFE2-.LFB2
 484 0028 00000000 		.4byte	.LFB3
 485 002c 30000000 		.4byte	.LFE3-.LFB3
 486 0030 00000000 		.4byte	0
 487 0034 00000000 		.4byte	0
 488              		.section	.debug_ranges,"",%progbits
 489              	.Ldebug_ranges0:
ARM GAS  C:\Users\PHYLLI~1\AppData\Local\Temp\ccqtlu6u.s 			page 12


 490 0000 00000000 		.4byte	.LFB0
 491 0004 0A000000 		.4byte	.LFE0
 492 0008 00000000 		.4byte	.LFB1
 493 000c 0A000000 		.4byte	.LFE1
 494 0010 00000000 		.4byte	.LFB2
 495 0014 20000000 		.4byte	.LFE2
 496 0018 00000000 		.4byte	.LFB3
 497 001c 30000000 		.4byte	.LFE3
 498 0020 00000000 		.4byte	0
 499 0024 00000000 		.4byte	0
 500              		.section	.debug_line,"",%progbits
 501              	.Ldebug_line0:
 502 0000 A0000000 		.section	.debug_str,"MS",%progbits,1
 502      02005000 
 502      00000201 
 502      FB0E0D00 
 502      01010101 
 503              	.LASF23:
 504 0000 4932535F 		.ascii	"I2S_1_backup\000"
 504      315F6261 
 504      636B7570 
 504      00
 505              	.LASF20:
 506 000d 47656E65 		.ascii	"Generated_Source\\PSoC4\\I2S_1_PM.c\000"
 506      72617465 
 506      645F536F 
 506      75726365 
 506      5C50536F 
 507              	.LASF9:
 508 002f 666C6F61 		.ascii	"float\000"
 508      7400
 509              	.LASF1:
 510 0035 756E7369 		.ascii	"unsigned char\000"
 510      676E6564 
 510      20636861 
 510      7200
 511              	.LASF13:
 512 0043 72656738 		.ascii	"reg8\000"
 512      00
 513              	.LASF5:
 514 0048 6C6F6E67 		.ascii	"long unsigned int\000"
 514      20756E73 
 514      69676E65 
 514      6420696E 
 514      7400
 515              	.LASF3:
 516 005a 73686F72 		.ascii	"short unsigned int\000"
 516      7420756E 
 516      7369676E 
 516      65642069 
 516      6E7400
 517              	.LASF19:
 518 006d 474E5520 		.ascii	"GNU C11 5.4.1 20160609 (release) [ARM/embedded-5-br"
 518      43313120 
 518      352E342E 
 518      31203230 
 518      31363036 
ARM GAS  C:\Users\PHYLLI~1\AppData\Local\Temp\ccqtlu6u.s 			page 13


 519 00a0 616E6368 		.ascii	"anch revision 237715] -mcpu=cortex-m0 -mthumb -g -O"
 519      20726576 
 519      6973696F 
 519      6E203233 
 519      37373135 
 520 00d3 30202D66 		.ascii	"0 -ffunction-sections -ffat-lto-objects\000"
 520      66756E63 
 520      74696F6E 
 520      2D736563 
 520      74696F6E 
 521              	.LASF10:
 522 00fb 646F7562 		.ascii	"double\000"
 522      6C6500
 523              	.LASF8:
 524 0102 756E7369 		.ascii	"unsigned int\000"
 524      676E6564 
 524      20696E74 
 524      00
 525              	.LASF7:
 526 010f 6C6F6E67 		.ascii	"long long unsigned int\000"
 526      206C6F6E 
 526      6720756E 
 526      7369676E 
 526      65642069 
 527              	.LASF14:
 528 0126 4932535F 		.ascii	"I2S_1_BACKUP_STRUCT\000"
 528      315F4241 
 528      434B5550 
 528      5F535452 
 528      55435400 
 529              	.LASF15:
 530 013a 4932535F 		.ascii	"I2S_1_SaveConfig\000"
 530      315F5361 
 530      7665436F 
 530      6E666967 
 530      00
 531              	.LASF21:
 532 014b 433A5C55 		.ascii	"C:\\Users\\Phyllis Byrom\\Documents\\PSoC Creator\\"
 532      73657273 
 532      5C506879 
 532      6C6C6973 
 532      20427972 
 533 0179 4769742D 		.ascii	"Git-test1\\Design01G.cydsn\000"
 533      74657374 
 533      315C4465 
 533      7369676E 
 533      3031472E 
 534              	.LASF6:
 535 0193 6C6F6E67 		.ascii	"long long int\000"
 535      206C6F6E 
 535      6720696E 
 535      7400
 536              	.LASF11:
 537 01a1 63686172 		.ascii	"char\000"
 537      00
 538              	.LASF17:
 539 01a6 4932535F 		.ascii	"I2S_1_Sleep\000"
ARM GAS  C:\Users\PHYLLI~1\AppData\Local\Temp\ccqtlu6u.s 			page 14


 539      315F536C 
 539      65657000 
 540              	.LASF16:
 541 01b2 4932535F 		.ascii	"I2S_1_RestoreConfig\000"
 541      315F5265 
 541      73746F72 
 541      65436F6E 
 541      66696700 
 542              	.LASF2:
 543 01c6 73686F72 		.ascii	"short int\000"
 543      7420696E 
 543      7400
 544              	.LASF12:
 545 01d0 75696E74 		.ascii	"uint8\000"
 545      3800
 546              	.LASF4:
 547 01d6 6C6F6E67 		.ascii	"long int\000"
 547      20696E74 
 547      00
 548              	.LASF22:
 549 01df 656E6162 		.ascii	"enableState\000"
 549      6C655374 
 549      61746500 
 550              	.LASF0:
 551 01eb 7369676E 		.ascii	"signed char\000"
 551      65642063 
 551      68617200 
 552              	.LASF18:
 553 01f7 4932535F 		.ascii	"I2S_1_Wakeup\000"
 553      315F5761 
 553      6B657570 
 553      00
 554              		.ident	"GCC: (GNU Tools for ARM Embedded Processors) 5.4.1 20160609 (release) [ARM/embedded-5-bran
